<?xml version="1.0" encoding="UTF-8"?>
<!-- Generated by org.testng.reporters.JUnitXMLReporter -->
<testsuite hostname="ATMECSINDT-049" name="Test" tests="4" failures="0" timestamp="12 Aug 2014 13:48:09 GMT" time="0.022" errors="0">
  <testcase name="test2" time="0.009" classname="com.atmecs.com.atmecs.ReportCreator.TestClass"/>
  <testcase name="test3" time="0.0" classname="com.atmecs.com.atmecs.ReportCreator.TestClass"/>
  <testcase name="test4" time="0.001" classname="com.atmecs.com.atmecs.ReportCreator.TestClass"/>
  <testcase name="testmethod" time="0.0" classname="com.atmecs.com.atmecs.ReportCreator.TestClass"/>
</testsuite> <!-- Test -->
