<?xml version="1.0" encoding="UTF-8"?>
<testng-results skipped="0" failed="0" total="8" passed="8">
  <reporter-output>
  </reporter-output>
  <suite name="Suite" duration-ms="522" started-at="2014-08-20T07:38:14Z" finished-at="2014-08-20T07:38:14Z">
    <groups>
    </groups>
    <test name="Test" duration-ms="522" started-at="2014-08-20T07:38:14Z" finished-at="2014-08-20T07:38:14Z">
      <class name="com.atmecs.com.atmecs.ReportCreator.TestClass">
        <test-method status="PASS" signature="test1()[pri:0, instance:com.atmecs.com.atmecs.ReportCreator.TestClass@7b4286da]" name="test1" duration-ms="87" started-at="2014-08-20T13:08:14Z" finished-at="2014-08-20T13:08:14Z">
          <reporter-output>
          </reporter-output>
        </test-method> <!-- test1 -->
        <test-method status="PASS" signature="test2()[pri:0, instance:com.atmecs.com.atmecs.ReportCreator.TestClass@7b4286da]" name="test2" duration-ms="1" started-at="2014-08-20T13:08:14Z" finished-at="2014-08-20T13:08:14Z">
          <reporter-output>
          </reporter-output>
        </test-method> <!-- test2 -->
        <test-method status="PASS" signature="test3()[pri:0, instance:com.atmecs.com.atmecs.ReportCreator.TestClass@7b4286da]" name="test3" duration-ms="0" started-at="2014-08-20T13:08:14Z" finished-at="2014-08-20T13:08:14Z">
          <reporter-output>
          </reporter-output>
        </test-method> <!-- test3 -->
        <test-method status="PASS" signature="test4()[pri:0, instance:com.atmecs.com.atmecs.ReportCreator.TestClass@7b4286da]" name="test4" duration-ms="1" started-at="2014-08-20T13:08:14Z" finished-at="2014-08-20T13:08:14Z">
          <reporter-output>
          </reporter-output>
        </test-method> <!-- test4 -->
        <test-method status="PASS" signature="test5()[pri:0, instance:com.atmecs.com.atmecs.ReportCreator.TestClass@7b4286da]" name="test5" duration-ms="1" started-at="2014-08-20T13:08:14Z" finished-at="2014-08-20T13:08:14Z">
          <reporter-output>
          </reporter-output>
        </test-method> <!-- test5 -->
        <test-method status="PASS" signature="test6()[pri:0, instance:com.atmecs.com.atmecs.ReportCreator.TestClass@7b4286da]" name="test6" duration-ms="1" started-at="2014-08-20T13:08:14Z" finished-at="2014-08-20T13:08:14Z">
          <reporter-output>
          </reporter-output>
        </test-method> <!-- test6 -->
        <test-method status="PASS" signature="test7()[pri:0, instance:com.atmecs.com.atmecs.ReportCreator.TestClass@7b4286da]" name="test7" duration-ms="1" started-at="2014-08-20T13:08:14Z" finished-at="2014-08-20T13:08:14Z">
          <reporter-output>
          </reporter-output>
        </test-method> <!-- test7 -->
        <test-method status="PASS" signature="test8()[pri:0, instance:com.atmecs.com.atmecs.ReportCreator.TestClass@7b4286da]" name="test8" duration-ms="1" started-at="2014-08-20T13:08:14Z" finished-at="2014-08-20T13:08:14Z">
          <reporter-output>
          </reporter-output>
        </test-method> <!-- test8 -->
      </class> <!-- com.atmecs.com.atmecs.ReportCreator.TestClass -->
    </test> <!-- Test -->
  </suite> <!-- Suite -->
</testng-results>
